\BOOKMARK [0][-]{chapter*.3}{\376\377\000I\000n\000t\000r\000o\000d\000u\000c\000t\000i\000o\000n}{}% 1
\BOOKMARK [0][-]{chapter*.4}{\376\377\000D\000o\000c\000u\000m\000e\000n\000t\000\040\000S\000e\000t\000t\000i\000n\000g\000s}{}% 2
\BOOKMARK [1][-]{section*.5}{\376\377\000t\000a\000b\000\040\000C\000l\000e\000f}{chapter*.4}% 3
\BOOKMARK [1][-]{section*.6}{\376\377\000L\000i\000n\000e\000\040\000W\000e\000i\000g\000h\000t\000s}{chapter*.4}% 4
\BOOKMARK [1][-]{section*.7}{\376\377\000T\000i\000e\000s}{chapter*.4}% 5
\BOOKMARK [0][-]{chapter*.10}{\376\377\000T\000a\000b\000l\000a\000t\000u\000r\000e\000\040\000S\000l\000i\000d\000e\000s}{}% 6
\BOOKMARK [1][-]{section*.11}{\376\377\000S\000m\000a\000r\000t\000\040\000S\000h\000a\000p\000e\000\040\000T\000o\000o\000l}{chapter*.10}% 7
\BOOKMARK [0][-]{chapter*.12}{\376\377\000P\000a\000g\000e\000\040\000L\000a\000y\000o\000u\000t}{}% 8
\BOOKMARK [1][-]{section*.13}{\376\377\000M\000a\000r\000g\000i\000n\000s}{chapter*.12}% 9
\BOOKMARK [0][-]{chapter*.14}{\376\377\000T\000e\000x\000t}{}% 10
\BOOKMARK [1][-]{section*.15}{\376\377\000T\000i\000t\000l\000e}{chapter*.14}% 11
\BOOKMARK [1][-]{section*.17}{\376\377\000S\000u\000b\000t\000i\000t\000l\000e}{chapter*.14}% 12
\BOOKMARK [1][-]{section*.19}{\376\377\000T\000u\000n\000i\000n\000g}{chapter*.14}% 13
\BOOKMARK [1][-]{section*.21}{\376\377\000C\000o\000m\000p\000o\000s\000e\000r}{chapter*.14}% 14
\BOOKMARK [1][-]{section*.23}{\376\377\000C\000o\000p\000y\000r\000i\000g\000h\000t}{chapter*.14}% 15
\BOOKMARK [1][-]{section*.25}{\376\377\000P\000a\000g\000e\000\040\000N\000u\000m\000b\000e\000r}{chapter*.14}% 16
\BOOKMARK [1][-]{section*.27}{\376\377\000T\000i\000m\000e\000c\000o\000d\000e\000s}{chapter*.14}% 17
\BOOKMARK [0][-]{chapter*.29}{\376\377\000T\000e\000x\000t\000\040\000E\000x\000p\000r\000e\000s\000s\000i\000o\000n\000s}{}% 18
\BOOKMARK [1][-]{section*.30}{\376\377\000T\000e\000m\000p\000o}{chapter*.29}% 19
\BOOKMARK [1][-]{section*.31}{\376\377\000T\000i\000m\000e\000\040\000S\000i\000g\000n\000a\000t\000u\000r\000e\000s}{chapter*.29}% 20
\BOOKMARK [1][-]{section*.32}{\376\377\000M\000o\000v\000e\000m\000e\000n\000t\000s}{chapter*.29}% 21
\BOOKMARK [0][-]{chapter*.33}{\376\377\000S\000p\000e\000c\000i\000a\000l\000\040\000T\000o\000o\000l\000s}{}% 22
\BOOKMARK [1][-]{section*.34}{\376\377\000B\000e\000a\000m\000\040\000A\000n\000g\000l\000e}{chapter*.33}% 23
\BOOKMARK [1][-]{section*.35}{\376\377\000S\000t\000e\000m\000\040\000L\000e\000n\000g\000t\000h}{chapter*.33}% 24
\BOOKMARK [0][-]{chapter*.36}{\376\377\000R\000e\000s\000i\000z\000e\000\040\000T\000o\000o\000l}{}% 25
\BOOKMARK [1][-]{section*.37}{\376\377\000R\000e\000s\000i\000z\000e\000\040\000S\000y\000s\000t\000e\000m}{chapter*.36}% 26
\BOOKMARK [0][-]{chapter*.38}{\376\377\000F\000i\000n\000g\000e\000r\000i\000n\000g\000s}{}% 27
\BOOKMARK [1][-]{section*.39}{\376\377\000L\000e\000f\000t\000-\000H\000a\000n\000d\000\040\000F\000i\000n\000g\000e\000r\000s\000\040\000\050\000A\000b\000o\000v\000e\000\040\000S\000t\000a\000f\000f\000\051}{chapter*.38}% 28
\BOOKMARK [1][-]{section*.40}{\376\377\000L\000e\000f\000t\000-\000H\000a\000n\000d\000\040\000D\000u\000r\000a\000t\000i\000o\000n\000\040\000L\000i\000n\000e\000s}{chapter*.38}% 29
\BOOKMARK [1][-]{section*.43}{\376\377\000L\000e\000f\000t\000-\000H\000a\000n\000d\000\040\000F\000i\000n\000g\000e\000r\000i\000n\000g\000s\000\040\000\050\000B\000e\000l\000o\000w\000\040\000S\000t\000a\000f\000f\000\051}{chapter*.38}% 30
\BOOKMARK [1][-]{section*.48}{\376\377\000P\000a\000r\000e\000n\000t\000h\000e\000s\000e\000s}{chapter*.38}% 31
\BOOKMARK [1][-]{section*.49}{\376\377\000R\000i\000g\000h\000t\000-\000H\000a\000n\000d\000\040\000F\000i\000n\000g\000e\000r\000i\000n\000g\000s}{chapter*.38}% 32
\BOOKMARK [1][-]{section*.52}{\376\377\000M\000u\000t\000e\000d\000\040\000N\000o\000t\000e\000s}{chapter*.38}% 33
\BOOKMARK [0][-]{chapter*.53}{\376\377\000S\000t\000a\000f\000f\000\040\000A\000t\000t\000r\000i\000b\000u\000t\000e\000s}{}% 34
\BOOKMARK [1][-]{section*.54}{\376\377\000S\000t\000e\000m\000s}{chapter*.53}% 35
\BOOKMARK [0][-]{chapter*.55}{\376\377\000H\000a\000r\000m\000o\000n\000i\000c\000s}{}% 36
\BOOKMARK [1][-]{section*.56}{\376\377\000N\000o\000t\000e\000h\000e\000a\000d\000\040\000S\000e\000t\000t\000i\000n\000g\000s}{chapter*.55}% 37
